<?xml version="1.0" encoding="UTF-8"?>
<!-- Generated by org.testng.reporters.JUnitXMLReporter -->
<testsuite ignored="0" hostname="LPP00186916A.local" failures="0" tests="5" name="Command line test" time="101.65" errors="0" timestamp="2021-02-28T15:36:46 ICT">
  <testcase classname="TestWeb" name="loginPage" time="17.285"/>
  <testcase classname="TestWeb" name="updateUsername" time="25.085"/>
  <testcase classname="TestWeb" name="listOfLikedPhotos" time="18.536"/>
  <testcase classname="TestWeb" name="removePhotosFromCollection" time="17.877"/>
  <testcase classname="TestWeb" name="downloadPhotos" time="22.249"/>
</testsuite> <!-- Command line test -->
